Analysis & Synthesis report for singleCycle
Fri May 23 09:41:42 2025
Quartus Prime Version 23.1std.0 Build 991 11/28/2023 SC Lite Edition


---------------------
; Table of Contents ;
---------------------
  1. Legal Notice
  2. Analysis & Synthesis Summary
  3. Analysis & Synthesis Settings
  4. Parallel Compilation
  5. Analysis & Synthesis Source Files Read
  6. Analysis & Synthesis Resource Usage Summary
  7. Analysis & Synthesis Resource Utilization by Entity
  8. General Register Statistics
  9. Port Connectivity Checks: "alu:alu_module"
 10. Port Connectivity Checks: "extend:ext_module"
 11. Port Connectivity Checks: "instruction_memory:im_module"
 12. Port Connectivity Checks: "decoder:control_unit|alu_decoder:a_dec_u1"
 13. Port Connectivity Checks: "decoder:control_unit|main_decoder:m_dec_u1"
 14. Port Connectivity Checks: "decoder:control_unit"
 15. Post-Synthesis Netlist Statistics for Top Partition
 16. Elapsed Time Per Partition
 17. Analysis & Synthesis Messages
 18. Analysis & Synthesis Suppressed Messages



----------------
; Legal Notice ;
----------------
Copyright (C) 2023  Intel Corporation. All rights reserved.
Your use of Intel Corporation's design tools, logic functions 
and other software and tools, and any partner logic 
functions, and any output files from any of the foregoing 
(including device programming or simulation files), and any 
associated documentation or information are expressly subject 
to the terms and conditions of the Intel Program License 
Subscription Agreement, the Intel Quartus Prime License Agreement,
the Intel FPGA IP License Agreement, or other applicable license
agreement, including, without limitation, that your use is for
the sole purpose of programming logic devices manufactured by
Intel and sold by Intel or its authorized distributors.  Please
refer to the applicable agreement for further details, at
https://fpgasoftware.intel.com/eula.



+-------------------------------------------------------------------------------------+
; Analysis & Synthesis Summary                                                        ;
+------------------------------------+------------------------------------------------+
; Analysis & Synthesis Status        ; Successful - Fri May 23 09:41:42 2025          ;
; Quartus Prime Version              ; 23.1std.0 Build 991 11/28/2023 SC Lite Edition ;
; Revision Name                      ; singleCycle                                    ;
; Top-level Entity Name              ; top_level_sc_processor                         ;
; Family                             ; MAX 10                                         ;
; Total logic elements               ; 0                                              ;
;     Total combinational functions  ; 0                                              ;
;     Dedicated logic registers      ; 0                                              ;
; Total registers                    ; 0                                              ;
; Total pins                         ; 1                                              ;
; Total virtual pins                 ; 0                                              ;
; Total memory bits                  ; 0                                              ;
; Embedded Multiplier 9-bit elements ; 0                                              ;
; Total PLLs                         ; 0                                              ;
; UFM blocks                         ; 0                                              ;
; ADC blocks                         ; 0                                              ;
+------------------------------------+------------------------------------------------+


+----------------------------------------------------------------------------------------------------------------+
; Analysis & Synthesis Settings                                                                                  ;
+------------------------------------------------------------------+------------------------+--------------------+
; Option                                                           ; Setting                ; Default Value      ;
+------------------------------------------------------------------+------------------------+--------------------+
; Device                                                           ; 10M50DAF484C7G         ;                    ;
; Top-level entity name                                            ; top_level_sc_processor ; singleCycle        ;
; Family name                                                      ; MAX 10                 ; Cyclone V          ;
; Use smart compilation                                            ; Off                    ; Off                ;
; Enable parallel Assembler and Timing Analyzer during compilation ; On                     ; On                 ;
; Enable compact report table                                      ; Off                    ; Off                ;
; Restructure Multiplexers                                         ; Auto                   ; Auto               ;
; Create Debugging Nodes for IP Cores                              ; Off                    ; Off                ;
; Preserve fewer node names                                        ; On                     ; On                 ;
; Intel FPGA IP Evaluation Mode                                    ; Enable                 ; Enable             ;
; Verilog Version                                                  ; Verilog_2001           ; Verilog_2001       ;
; VHDL Version                                                     ; VHDL_1993              ; VHDL_1993          ;
; State Machine Processing                                         ; Auto                   ; Auto               ;
; Safe State Machine                                               ; Off                    ; Off                ;
; Extract Verilog State Machines                                   ; On                     ; On                 ;
; Extract VHDL State Machines                                      ; On                     ; On                 ;
; Ignore Verilog initial constructs                                ; Off                    ; Off                ;
; Iteration limit for constant Verilog loops                       ; 5000                   ; 5000               ;
; Iteration limit for non-constant Verilog loops                   ; 250                    ; 250                ;
; Add Pass-Through Logic to Inferred RAMs                          ; On                     ; On                 ;
; Infer RAMs from Raw Logic                                        ; On                     ; On                 ;
; Parallel Synthesis                                               ; On                     ; On                 ;
; DSP Block Balancing                                              ; Auto                   ; Auto               ;
; NOT Gate Push-Back                                               ; On                     ; On                 ;
; Power-Up Don't Care                                              ; On                     ; On                 ;
; Remove Redundant Logic Cells                                     ; Off                    ; Off                ;
; Remove Duplicate Registers                                       ; On                     ; On                 ;
; Ignore CARRY Buffers                                             ; Off                    ; Off                ;
; Ignore CASCADE Buffers                                           ; Off                    ; Off                ;
; Ignore GLOBAL Buffers                                            ; Off                    ; Off                ;
; Ignore ROW GLOBAL Buffers                                        ; Off                    ; Off                ;
; Ignore LCELL Buffers                                             ; Off                    ; Off                ;
; Ignore SOFT Buffers                                              ; On                     ; On                 ;
; Limit AHDL Integers to 32 Bits                                   ; Off                    ; Off                ;
; Optimization Technique                                           ; Balanced               ; Balanced           ;
; Carry Chain Length                                               ; 70                     ; 70                 ;
; Auto Carry Chains                                                ; On                     ; On                 ;
; Auto Open-Drain Pins                                             ; On                     ; On                 ;
; Perform WYSIWYG Primitive Resynthesis                            ; Off                    ; Off                ;
; Auto ROM Replacement                                             ; On                     ; On                 ;
; Auto RAM Replacement                                             ; On                     ; On                 ;
; Auto DSP Block Replacement                                       ; On                     ; On                 ;
; Auto Shift Register Replacement                                  ; Auto                   ; Auto               ;
; Allow Shift Register Merging across Hierarchies                  ; Auto                   ; Auto               ;
; Auto Clock Enable Replacement                                    ; On                     ; On                 ;
; Strict RAM Replacement                                           ; Off                    ; Off                ;
; Allow Synchronous Control Signals                                ; On                     ; On                 ;
; Force Use of Synchronous Clear Signals                           ; Off                    ; Off                ;
; Auto RAM Block Balancing                                         ; On                     ; On                 ;
; Auto RAM to Logic Cell Conversion                                ; Off                    ; Off                ;
; Auto Resource Sharing                                            ; Off                    ; Off                ;
; Allow Any RAM Size For Recognition                               ; Off                    ; Off                ;
; Allow Any ROM Size For Recognition                               ; Off                    ; Off                ;
; Allow Any Shift Register Size For Recognition                    ; Off                    ; Off                ;
; Use LogicLock Constraints during Resource Balancing              ; On                     ; On                 ;
; Ignore translate_off and synthesis_off directives                ; Off                    ; Off                ;
; Timing-Driven Synthesis                                          ; On                     ; On                 ;
; Report Parameter Settings                                        ; On                     ; On                 ;
; Report Source Assignments                                        ; On                     ; On                 ;
; Report Connectivity Checks                                       ; On                     ; On                 ;
; Ignore Maximum Fan-Out Assignments                               ; Off                    ; Off                ;
; Synchronization Register Chain Length                            ; 2                      ; 2                  ;
; Power Optimization During Synthesis                              ; Normal compilation     ; Normal compilation ;
; HDL message level                                                ; Level2                 ; Level2             ;
; Suppress Register Optimization Related Messages                  ; Off                    ; Off                ;
; Number of Removed Registers Reported in Synthesis Report         ; 5000                   ; 5000               ;
; Number of Swept Nodes Reported in Synthesis Report               ; 5000                   ; 5000               ;
; Number of Inverted Registers Reported in Synthesis Report        ; 100                    ; 100                ;
; Clock MUX Protection                                             ; On                     ; On                 ;
; Auto Gated Clock Conversion                                      ; Off                    ; Off                ;
; Block Design Naming                                              ; Auto                   ; Auto               ;
; SDC constraint protection                                        ; Off                    ; Off                ;
; Synthesis Effort                                                 ; Auto                   ; Auto               ;
; Shift Register Replacement - Allow Asynchronous Clear Signal     ; On                     ; On                 ;
; Pre-Mapping Resynthesis Optimization                             ; Off                    ; Off                ;
; Analysis & Synthesis Message Level                               ; Medium                 ; Medium             ;
; Disable Register Merging Across Hierarchies                      ; Auto                   ; Auto               ;
; Resource Aware Inference For Block RAM                           ; On                     ; On                 ;
+------------------------------------------------------------------+------------------------+--------------------+


+------------------------------------------+
; Parallel Compilation                     ;
+----------------------------+-------------+
; Processors                 ; Number      ;
+----------------------------+-------------+
; Number detected on machine ; 12          ;
; Maximum allowed            ; 8           ;
;                            ;             ;
; Average used               ; 1.00        ;
; Maximum used               ; 1           ;
;                            ;             ;
; Usage by Processor         ; % Time Used ;
;     Processor 1            ; 100.0%      ;
+----------------------------+-------------+


+----------------------------------------------------------------------------------------------------------------------------------------------------------------+
; Analysis & Synthesis Source Files Read                                                                                                                         ;
+----------------------------------+-----------------+------------------------+------------------------------------------------------------------------+---------+
; File Name with User-Entered Path ; Used in Netlist ; File Type              ; File Name with Absolute Path                                           ; Library ;
+----------------------------------+-----------------+------------------------+------------------------------------------------------------------------+---------+
; top_level_sc_processor.v         ; yes             ; User Verilog HDL File  ; C:/Users/dmart/SonC/Verilog/singleCycle/top_level_sc_processor.v       ;         ;
; processor/register_file.v        ; yes             ; User Verilog HDL File  ; C:/Users/dmart/SonC/Verilog/singleCycle/processor/register_file.v      ;         ;
; processor/instruction_memory.v   ; yes             ; User Verilog HDL File  ; C:/Users/dmart/SonC/Verilog/singleCycle/processor/instruction_memory.v ;         ;
; processor/extend.v               ; yes             ; User Verilog HDL File  ; C:/Users/dmart/SonC/Verilog/singleCycle/processor/extend.v             ;         ;
; processor/data_memory.v          ; yes             ; User Verilog HDL File  ; C:/Users/dmart/SonC/Verilog/singleCycle/processor/data_memory.v        ;         ;
; processor/alu.v                  ; yes             ; User Verilog HDL File  ; C:/Users/dmart/SonC/Verilog/singleCycle/processor/alu.v                ;         ;
; control_unit/main_decoder.v      ; yes             ; User Verilog HDL File  ; C:/Users/dmart/SonC/Verilog/singleCycle/control_unit/main_decoder.v    ;         ;
; control_unit/decoder.v           ; yes             ; User Verilog HDL File  ; C:/Users/dmart/SonC/Verilog/singleCycle/control_unit/decoder.v         ;         ;
; control_unit/alu_decoder.v       ; yes             ; User Verilog HDL File  ; C:/Users/dmart/SonC/Verilog/singleCycle/control_unit/alu_decoder.v     ;         ;
; instructions.txt                 ; yes             ; Auto-Found File        ; C:/Users/dmart/SonC/Verilog/singleCycle/instructions.txt               ;         ;
+----------------------------------+-----------------+------------------------+------------------------------------------------------------------------+---------+


+-----------------------------------------------------+
; Analysis & Synthesis Resource Usage Summary         ;
+---------------------------------------------+-------+
; Resource                                    ; Usage ;
+---------------------------------------------+-------+
;                                             ;       ;
; Total combinational functions               ; 0     ;
; Logic element usage by number of LUT inputs ;       ;
;     -- 4 input functions                    ; 0     ;
;     -- 3 input functions                    ; 0     ;
;     -- <=2 input functions                  ; 0     ;
;                                             ;       ;
; Logic elements by mode                      ;       ;
;     -- normal mode                          ; 0     ;
;     -- arithmetic mode                      ; 0     ;
;                                             ;       ;
; Total registers                             ; 0     ;
;     -- Dedicated logic registers            ; 0     ;
;     -- I/O registers                        ; 0     ;
;                                             ;       ;
; I/O pins                                    ; 1     ;
;                                             ;       ;
; Embedded Multiplier 9-bit elements          ; 0     ;
;                                             ;       ;
; Maximum fan-out node                        ; clk   ;
; Maximum fan-out                             ; 1     ;
; Total fan-out                               ; 1     ;
; Average fan-out                             ; 0.50  ;
+---------------------------------------------+-------+


+---------------------------------------------------------------------------------------------------------------------------------------------------------------------------------------------------------------------------------------------------+
; Analysis & Synthesis Resource Utilization by Entity                                                                                                                                                                                               ;
+----------------------------+---------------------+---------------------------+-------------+------------+--------------+---------+-----------+------+--------------+------------+-------------------------+------------------------+--------------+
; Compilation Hierarchy Node ; Combinational ALUTs ; Dedicated Logic Registers ; Memory Bits ; UFM Blocks ; DSP Elements ; DSP 9x9 ; DSP 18x18 ; Pins ; Virtual Pins ; ADC blocks ; Full Hierarchy Name     ; Entity Name            ; Library Name ;
+----------------------------+---------------------+---------------------------+-------------+------------+--------------+---------+-----------+------+--------------+------------+-------------------------+------------------------+--------------+
; |top_level_sc_processor    ; 0 (0)               ; 0 (0)                     ; 0           ; 0          ; 0            ; 0       ; 0         ; 1    ; 0            ; 0          ; |top_level_sc_processor ; top_level_sc_processor ; work         ;
+----------------------------+---------------------+---------------------------+-------------+------------+--------------+---------+-----------+------+--------------+------------+-------------------------+------------------------+--------------+
Note: For table entries with two numbers listed, the numbers in parentheses indicate the number of resources of the given type used by the specific entity alone. The numbers listed outside of parentheses indicate the total resources of the given type used by the specific entity and all of its sub-entities in the hierarchy.


+------------------------------------------------------+
; General Register Statistics                          ;
+----------------------------------------------+-------+
; Statistic                                    ; Value ;
+----------------------------------------------+-------+
; Total registers                              ; 0     ;
; Number of registers using Synchronous Clear  ; 0     ;
; Number of registers using Synchronous Load   ; 0     ;
; Number of registers using Asynchronous Clear ; 0     ;
; Number of registers using Asynchronous Load  ; 0     ;
; Number of registers using Clock Enable       ; 0     ;
; Number of registers using Preset             ; 0     ;
+----------------------------------------------+-------+


+----------------------------------------------------------------------------------------------------------------------------------------------------------------------------+
; Port Connectivity Checks: "alu:alu_module"                                                                                                                                 ;
+-------+-------+----------+-------------------------------------------------------------------------------------------------------------------------------------------------+
; Port  ; Type  ; Severity ; Details                                                                                                                                         ;
+-------+-------+----------+-------------------------------------------------------------------------------------------------------------------------------------------------+
; src_b ; Input ; Warning  ; Input port expression (1 bits) is smaller than the input port (32 bits) it drives.  Extra input bit(s) "src_b[31..1]" will be connected to GND. ;
+-------+-------+----------+-------------------------------------------------------------------------------------------------------------------------------------------------+


+-------------------------------------------------------------------------------------------------------------------------------------------------------------------------------------------------------------------------+
; Port Connectivity Checks: "extend:ext_module"                                                                                                                                                                           ;
+----------------+--------+----------+------------------------------------------------------------------------------------------------------------------------------------------------------------------------------------+
; Port           ; Type   ; Severity ; Details                                                                                                                                                                            ;
+----------------+--------+----------+------------------------------------------------------------------------------------------------------------------------------------------------------------------------------------+
; imm_src        ; Input  ; Warning  ; Input port expression (25 bits) is wider than the input port (2 bits) it drives.  The 23 most-significant bit(s) in the expression will be dangling if they have no other fanouts. ;
; extend_in      ; Input  ; Warning  ; Input port expression (2 bits) is smaller than the input port (32 bits) it drives.  Extra input bit(s) "extend_in[31..2]" will be connected to GND.                                ;
; imm_ext[31..1] ; Output ; Info     ; Connected to dangling logic. Logic that only feeds a dangling port will be removed.                                                                                                ;
+----------------+--------+----------+------------------------------------------------------------------------------------------------------------------------------------------------------------------------------------+


+-------------------------------------------------------------------------------------------------------------------------------+
; Port Connectivity Checks: "instruction_memory:im_module"                                                                      ;
+---------------------+--------+----------+-------------------------------------------------------------------------------------+
; Port                ; Type   ; Severity ; Details                                                                             ;
+---------------------+--------+----------+-------------------------------------------------------------------------------------+
; instruction[29..25] ; Output ; Info     ; Connected to dangling logic. Logic that only feeds a dangling port will be removed. ;
; instruction[31]     ; Output ; Info     ; Connected to dangling logic. Logic that only feeds a dangling port will be removed. ;
+---------------------+--------+----------+-------------------------------------------------------------------------------------+


+--------------------------------------------------------------------------------------------------------------------------------------------------------------------------------------------------------------+
; Port Connectivity Checks: "decoder:control_unit|alu_decoder:a_dec_u1"                                                                                                                                        ;
+--------+-------+----------+----------------------------------------------------------------------------------------------------------------------------------------------------------------------------------+
; Port   ; Type  ; Severity ; Details                                                                                                                                                                          ;
+--------+-------+----------+----------------------------------------------------------------------------------------------------------------------------------------------------------------------------------+
; alu_op ; Input ; Warning  ; Input port expression (3 bits) is wider than the input port (2 bits) it drives.  The 1 most-significant bit(s) in the expression will be dangling if they have no other fanouts. ;
+--------+-------+----------+----------------------------------------------------------------------------------------------------------------------------------------------------------------------------------+


+----------------------------------------------------------------------------------------------------------------------------------------------------------------------------------------------------+
; Port Connectivity Checks: "decoder:control_unit|main_decoder:m_dec_u1"                                                                                                                             ;
+--------+--------+----------+-----------------------------------------------------------------------------------------------------------------------------------------------------------------------+
; Port   ; Type   ; Severity ; Details                                                                                                                                                               ;
+--------+--------+----------+-----------------------------------------------------------------------------------------------------------------------------------------------------------------------+
; jump   ; Output ; Info     ; Connected to dangling logic. Logic that only feeds a dangling port will be removed.                                                                                   ;
; alu_op ; Output ; Warning  ; Output or bidir port (2 bits) is smaller than the port expression (3 bits) it drives.  The 1 most-significant bit(s) in the port expression will be connected to GND. ;
+--------+--------+----------+-----------------------------------------------------------------------------------------------------------------------------------------------------------------------+


+----------------------------------------------------------------------------------------------------------------------------------------------------------------+
; Port Connectivity Checks: "decoder:control_unit"                                                                                                               ;
+------------+--------+----------+-------------------------------------------------------------------------------------------------------------------------------+
; Port       ; Type   ; Severity ; Details                                                                                                                       ;
+------------+--------+----------+-------------------------------------------------------------------------------------------------------------------------------+
; result_src ; Output ; Warning  ; Output or bidir port (2 bits) is wider than the port expression (1 bits) it drives; bit(s) "result_src[1..1]" have no fanouts ;
+------------+--------+----------+-------------------------------------------------------------------------------------------------------------------------------+


+-----------------------------------------------------+
; Post-Synthesis Netlist Statistics for Top Partition ;
+-------------------+---------------------------------+
; Type              ; Count                           ;
+-------------------+---------------------------------+
; boundary_port     ; 1                               ;
;                   ;                                 ;
; Max LUT depth     ; 0.00                            ;
; Average LUT depth ; 0.00                            ;
+-------------------+---------------------------------+


+-------------------------------+
; Elapsed Time Per Partition    ;
+----------------+--------------+
; Partition Name ; Elapsed Time ;
+----------------+--------------+
; Top            ; 00:00:00     ;
+----------------+--------------+


+-------------------------------+
; Analysis & Synthesis Messages ;
+-------------------------------+
Info: *******************************************************************
Info: Running Quartus Prime Analysis & Synthesis
    Info: Version 23.1std.0 Build 991 11/28/2023 SC Lite Edition
    Info: Processing started: Fri May 23 09:41:36 2025
Info: Command: quartus_map --read_settings_files=on --write_settings_files=off singleCycle -c singleCycle
Warning (18236): Number of processors has not been specified which may cause overloading on shared machines.  Set the global assignment NUM_PARALLEL_PROCESSORS in your QSF to an appropriate value for best performance.
Info (20030): Parallel compilation is enabled and will use 8 of the 8 processors detected
Warning (10275): Verilog HDL Module Instantiation warning at top_level_sc_processor.v(40): ignored dangling comma in List of Port Connections File: C:/Users/dmart/SonC/Verilog/singleCycle/top_level_sc_processor.v Line: 40
Info (12021): Found 1 design units, including 1 entities, in source file top_level_sc_processor.v
    Info (12023): Found entity 1: top_level_sc_processor File: C:/Users/dmart/SonC/Verilog/singleCycle/top_level_sc_processor.v Line: 1
Info (12021): Found 1 design units, including 1 entities, in source file processor/register_file.v
    Info (12023): Found entity 1: register_file File: C:/Users/dmart/SonC/Verilog/singleCycle/processor/register_file.v Line: 1
Info (12021): Found 1 design units, including 1 entities, in source file processor/program_ctr.v
    Info (12023): Found entity 1: program_ctr File: C:/Users/dmart/SonC/Verilog/singleCycle/processor/program_ctr.v Line: 1
Info (12021): Found 1 design units, including 1 entities, in source file processor/instruction_memory.v
    Info (12023): Found entity 1: instruction_memory File: C:/Users/dmart/SonC/Verilog/singleCycle/processor/instruction_memory.v Line: 1
Info (12021): Found 1 design units, including 1 entities, in source file processor/extend.v
    Info (12023): Found entity 1: extend File: C:/Users/dmart/SonC/Verilog/singleCycle/processor/extend.v Line: 1
Info (12021): Found 1 design units, including 1 entities, in source file processor/data_memory.v
    Info (12023): Found entity 1: data_memory File: C:/Users/dmart/SonC/Verilog/singleCycle/processor/data_memory.v Line: 1
Info (12021): Found 1 design units, including 1 entities, in source file processor/alu.v
    Info (12023): Found entity 1: alu File: C:/Users/dmart/SonC/Verilog/singleCycle/processor/alu.v Line: 1
Info (12021): Found 1 design units, including 1 entities, in source file control_unit/main_decoder_tb.v
    Info (12023): Found entity 1: main_decoder_tb File: C:/Users/dmart/SonC/Verilog/singleCycle/control_unit/main_decoder_tb.v Line: 3
Info (12021): Found 1 design units, including 1 entities, in source file control_unit/main_decoder.v
    Info (12023): Found entity 1: main_decoder File: C:/Users/dmart/SonC/Verilog/singleCycle/control_unit/main_decoder.v Line: 1
Info (12021): Found 1 design units, including 1 entities, in source file control_unit/decoder.v
    Info (12023): Found entity 1: decoder File: C:/Users/dmart/SonC/Verilog/singleCycle/control_unit/decoder.v Line: 1
Info (12021): Found 1 design units, including 1 entities, in source file control_unit/alu_decoder.v
    Info (12023): Found entity 1: alu_decoder File: C:/Users/dmart/SonC/Verilog/singleCycle/control_unit/alu_decoder.v Line: 1
Warning (10236): Verilog HDL Implicit Net warning at decoder.v(21): created implicit net for "branch" File: C:/Users/dmart/SonC/Verilog/singleCycle/control_unit/decoder.v Line: 21
Warning (10236): Verilog HDL Implicit Net warning at decoder.v(22): created implicit net for "jump" File: C:/Users/dmart/SonC/Verilog/singleCycle/control_unit/decoder.v Line: 22
Info (12127): Elaborating entity "top_level_sc_processor" for the top level hierarchy
Warning (10858): Verilog HDL warning at top_level_sc_processor.v(4): object pc_src used but never assigned File: C:/Users/dmart/SonC/Verilog/singleCycle/top_level_sc_processor.v Line: 4
Warning (10230): Verilog HDL assignment warning at top_level_sc_processor.v(12): truncated value with size 32 to match size of target (1) File: C:/Users/dmart/SonC/Verilog/singleCycle/top_level_sc_processor.v Line: 12
Warning (10030): Net "pc_src" at top_level_sc_processor.v(4) has no driver or initial value, using a default initial value '0' File: C:/Users/dmart/SonC/Verilog/singleCycle/top_level_sc_processor.v Line: 4
Info (12128): Elaborating entity "decoder" for hierarchy "decoder:control_unit" File: C:/Users/dmart/SonC/Verilog/singleCycle/top_level_sc_processor.v Line: 40
Warning (10755): Verilog HDL warning at decoder.v(40): assignments to branch create a combinational loop File: C:/Users/dmart/SonC/Verilog/singleCycle/control_unit/decoder.v Line: 40
Info (12128): Elaborating entity "main_decoder" for hierarchy "decoder:control_unit|main_decoder:m_dec_u1" File: C:/Users/dmart/SonC/Verilog/singleCycle/control_unit/decoder.v Line: 29
Warning (10230): Verilog HDL assignment warning at main_decoder.v(77): truncated value with size 32 to match size of target (1) File: C:/Users/dmart/SonC/Verilog/singleCycle/control_unit/main_decoder.v Line: 77
Info (12128): Elaborating entity "alu_decoder" for hierarchy "decoder:control_unit|alu_decoder:a_dec_u1" File: C:/Users/dmart/SonC/Verilog/singleCycle/control_unit/decoder.v Line: 38
Info (12128): Elaborating entity "instruction_memory" for hierarchy "instruction_memory:im_module" File: C:/Users/dmart/SonC/Verilog/singleCycle/top_level_sc_processor.v Line: 47
Warning (10850): Verilog HDL warning at instruction_memory.v(15): number of words (21) in memory file does not match the number of elements in the address range [0:10000] File: C:/Users/dmart/SonC/Verilog/singleCycle/processor/instruction_memory.v Line: 15
Warning (10030): Net "instruction_memory.data_a" at instruction_memory.v(7) has no driver or initial value, using a default initial value '0' File: C:/Users/dmart/SonC/Verilog/singleCycle/processor/instruction_memory.v Line: 7
Warning (10030): Net "instruction_memory.waddr_a" at instruction_memory.v(7) has no driver or initial value, using a default initial value '0' File: C:/Users/dmart/SonC/Verilog/singleCycle/processor/instruction_memory.v Line: 7
Warning (10030): Net "instruction_memory.we_a" at instruction_memory.v(7) has no driver or initial value, using a default initial value '0' File: C:/Users/dmart/SonC/Verilog/singleCycle/processor/instruction_memory.v Line: 7
Info (12128): Elaborating entity "register_file" for hierarchy "register_file:rf_module" File: C:/Users/dmart/SonC/Verilog/singleCycle/top_level_sc_processor.v Line: 58
Info (12128): Elaborating entity "extend" for hierarchy "extend:ext_module" File: C:/Users/dmart/SonC/Verilog/singleCycle/top_level_sc_processor.v Line: 65
Warning (10230): Verilog HDL assignment warning at extend.v(20): truncated value with size 20 to match size of target (12) File: C:/Users/dmart/SonC/Verilog/singleCycle/processor/extend.v Line: 20
Info (12128): Elaborating entity "alu" for hierarchy "alu:alu_module" File: C:/Users/dmart/SonC/Verilog/singleCycle/top_level_sc_processor.v Line: 74
Warning (10034): Output port "zero" at alu.v(7) has no driver File: C:/Users/dmart/SonC/Verilog/singleCycle/processor/alu.v Line: 7
Info (12128): Elaborating entity "data_memory" for hierarchy "data_memory:dm_module" File: C:/Users/dmart/SonC/Verilog/singleCycle/top_level_sc_processor.v Line: 82
Warning (12011): Net is missing source, defaulting to GND
    Warning (12110): Net "decoder:control_unit|alu_op[2]" is missing source, defaulting to GND File: C:/Users/dmart/SonC/Verilog/singleCycle/control_unit/decoder.v Line: 16
Warning (12241): 5 hierarchies have connectivity warnings - see the Connectivity Checks report folder
Info (144001): Generated suppressed messages file C:/Users/dmart/SonC/Verilog/singleCycle/output_files/singleCycle.map.smsg
Info (16010): Generating hard_block partition "hard_block:auto_generated_inst"
    Info (16011): Adding 0 node(s), including 0 DDIO, 0 PLL, 0 transceiver and 0 LCELL
Warning (21074): Design contains 1 input pin(s) that do not drive logic
    Warning (15610): No output dependent on input pin "clk" File: C:/Users/dmart/SonC/Verilog/singleCycle/top_level_sc_processor.v Line: 3
Info (21057): Implemented 1 device resources after synthesis - the final resource count might be different
    Info (21058): Implemented 1 input pins
    Info (21059): Implemented 0 output pins
Info: Quartus Prime Analysis & Synthesis was successful. 0 errors, 20 warnings
    Info: Peak virtual memory: 4746 megabytes
    Info: Processing ended: Fri May 23 09:41:42 2025
    Info: Elapsed time: 00:00:06
    Info: Total CPU time (on all processors): 00:00:15


+------------------------------------------+
; Analysis & Synthesis Suppressed Messages ;
+------------------------------------------+
The suppressed messages can be found in C:/Users/dmart/SonC/Verilog/singleCycle/output_files/singleCycle.map.smsg.


